2014-02-08 10:44:38.043 Reminders[43251:c07] Multi-tasking -> Device: YES, App: YES
2014-02-08 10:44:38.103 Reminders[43251:c07] Unlimited access to network resources
2014-02-08 10:44:38.628 Reminders[43251:c07] Resetting plugins due to page load.
2014-02-08 10:44:38.805 Reminders[43251:c07] Finished load of: file:///Users/simon/Library/Application%20Support/iPhone%20Simulator/6.1/Applications/80CF814A-F713-4764-A5AC-CA34A51F295C/Reminders.app/www/index.html
2014-02-08 10:44:52.058 Reminders[43478:c07] Multi-tasking -> Device: YES, App: YES
2014-02-08 10:44:52.064 Reminders[43478:c07] Unlimited access to network resources
2014-02-08 10:44:52.104 Reminders[43478:c07] Resetting plugins due to page load.
2014-02-08 10:44:52.151 Reminders[43478:c07] Finished load of: file:///Users/simon/Library/Application%20Support/iPhone%20Simulator/6.1/Applications/80CF814A-F713-4764-A5AC-CA34A51F295C/Reminders.app/www/index.html
2014-02-08 10:51:47.650 Reminders[43478:c07] Resetting plugins due to page load.
2014-02-08 10:51:47.680 Reminders[43478:c07] Finished load of: file:///Users/simon/Library/Application%20Support/iPhone%20Simulator/6.1/Applications/80CF814A-F713-4764-A5AC-CA34A51F295C/Reminders.app/www/index.html
2014-02-08 10:52:29.356 Reminders[44087:c07] Multi-tasking -> Device: YES, App: YES
2014-02-08 10:52:29.362 Reminders[44087:c07] Unlimited access to network resources
2014-02-08 10:52:29.403 Reminders[44087:c07] Resetting plugins due to page load.
2014-02-08 10:52:29.446 Reminders[44087:c07] Finished load of: file:///Users/simon/Library/Application%20Support/iPhone%20Simulator/6.1/Applications/80CF814A-F713-4764-A5AC-CA34A51F295C/Reminders.app/www/index.html
2014-02-08 10:57:09.904 Reminders[44606:c07] Multi-tasking -> Device: YES, App: YES
2014-02-08 10:57:09.910 Reminders[44606:c07] Unlimited access to network resources
2014-02-08 10:57:09.951 Reminders[44606:c07] Resetting plugins due to page load.
2014-02-08 10:57:09.995 Reminders[44606:c07] Finished load of: file:///Users/simon/Library/Application%20Support/iPhone%20Simulator/6.1/Applications/80CF814A-F713-4764-A5AC-CA34A51F295C/Reminders.app/www/index.html
2014-02-08 10:57:59.623 Reminders[44908:c07] Multi-tasking -> Device: YES, App: YES
2014-02-08 10:57:59.629 Reminders[44908:c07] Unlimited access to network resources
2014-02-08 10:57:59.672 Reminders[44908:c07] Resetting plugins due to page load.
2014-02-08 10:57:59.765 Reminders[44908:c07] Finished load of: file:///Users/simon/Library/Application%20Support/iPhone%20Simulator/6.1/Applications/80CF814A-F713-4764-A5AC-CA34A51F295C/Reminders.app/www/index.html
2014-02-08 11:03:51.909 Reminders[45392:c07] Multi-tasking -> Device: YES, App: YES
2014-02-08 11:03:51.915 Reminders[45392:c07] Unlimited access to network resources
2014-02-08 11:03:51.957 Reminders[45392:c07] Resetting plugins due to page load.
2014-02-08 11:03:52.013 Reminders[45392:c07] Finished load of: file:///Users/simon/Library/Application%20Support/iPhone%20Simulator/6.1/Applications/80CF814A-F713-4764-A5AC-CA34A51F295C/Reminders.app/www/index.html
2014-02-08 11:04:27.802 Reminders[45392:c07] Resetting plugins due to page load.
2014-02-08 11:04:27.851 Reminders[45392:c07] Finished load of: file:///Users/simon/Library/Application%20Support/iPhone%20Simulator/6.1/Applications/80CF814A-F713-4764-A5AC-CA34A51F295C/Reminders.app/www/index.html
2014-02-08 11:05:54.724 Reminders[45697:c07] Multi-tasking -> Device: YES, App: YES
2014-02-08 11:05:54.730 Reminders[45697:c07] Unlimited access to network resources
2014-02-08 11:05:54.770 Reminders[45697:c07] Resetting plugins due to page load.
2014-02-08 11:05:54.834 Reminders[45697:c07] Finished load of: file:///Users/simon/Library/Application%20Support/iPhone%20Simulator/6.1/Applications/80CF814A-F713-4764-A5AC-CA34A51F295C/Reminders.app/www/index.html
2014-02-08 11:09:39.460 Reminders[46083:c07] Multi-tasking -> Device: YES, App: YES
2014-02-08 11:09:39.466 Reminders[46083:c07] Unlimited access to network resources
2014-02-08 11:09:39.528 Reminders[46083:c07] Resetting plugins due to page load.
2014-02-08 11:09:39.601 Reminders[46083:c07] Finished load of: file:///Users/simon/Library/Application%20Support/iPhone%20Simulator/6.1/Applications/80CF814A-F713-4764-A5AC-CA34A51F295C/Reminders.app/www/index.html
2014-02-08 11:29:35.331 Reminders[47655:c07] Multi-tasking -> Device: YES, App: YES
2014-02-08 11:29:35.336 Reminders[47655:c07] Unlimited access to network resources
2014-02-08 11:29:35.380 Reminders[47655:c07] Resetting plugins due to page load.
2014-02-08 11:29:35.440 Reminders[47655:c07] Finished load of: file:///Users/simon/Library/Application%20Support/iPhone%20Simulator/6.1/Applications/80CF814A-F713-4764-A5AC-CA34A51F295C/Reminders.app/www/index.html
2014-02-08 11:38:18.269 Reminders[47655:c07] Resetting plugins due to page load.
2014-02-08 11:39:18.607 Reminders[47957:c07] Multi-tasking -> Device: YES, App: YES
2014-02-08 11:39:18.613 Reminders[47957:c07] Unlimited access to network resources
2014-02-08 11:39:18.656 Reminders[47957:c07] Resetting plugins due to page load.
2014-02-08 11:39:19.438 Reminders[47957:c07] Finished load of: file:///Users/simon/Library/Application%20Support/iPhone%20Simulator/6.1/Applications/80CF814A-F713-4764-A5AC-CA34A51F295C/Reminders.app/www/index.html
2014-02-08 11:39:27.437 Reminders[47957:c07] Resetting plugins due to page load.
2014-02-08 11:39:27.940 Reminders[47957:c07] Finished load of: file:///Users/simon/Library/Application%20Support/iPhone%20Simulator/6.1/Applications/80CF814A-F713-4764-A5AC-CA34A51F295C/Reminders.app/www/index.html
2014-02-08 11:40:07.515 Reminders[48226:c07] Multi-tasking -> Device: YES, App: YES
2014-02-08 11:40:07.521 Reminders[48226:c07] Unlimited access to network resources
2014-02-08 11:40:07.562 Reminders[48226:c07] Resetting plugins due to page load.
2014-02-08 11:40:08.148 Reminders[48226:c07] Finished load of: file:///Users/simon/Library/Application%20Support/iPhone%20Simulator/6.1/Applications/80CF814A-F713-4764-A5AC-CA34A51F295C/Reminders.app/www/index.html
Terminating in response to SpringBoard's termination.
2014-02-08 14:37:40.485 Reminders[51447:c07] Multi-tasking -> Device: YES, App: YES
2014-02-08 14:37:40.562 Reminders[51447:c07] Unlimited access to network resources
2014-02-08 14:37:41.195 Reminders[51447:c07] Resetting plugins due to page load.
2014-02-08 14:37:42.863 Reminders[51447:c07] Finished load of: file:///Users/simon/Library/Application%20Support/iPhone%20Simulator/6.1/Applications/80CF814A-F713-4764-A5AC-CA34A51F295C/Reminders.app/www/index.html
